#-----------------------------------------------------------
# Vivado v2017.4.1 (64-bit)
# SW Build 2117270 on Tue Jan 30 15:32:00 MST 2018
# IP Build 2095745 on Tue Jan 30 17:13:15 MST 2018
# Start of session at: Mon May  7 22:44:55 2018
# Process ID: 4676
# Current directory: C:/Users/Ma/Documents/GitHub/cs4980
# Command line: vivado.exe -gui_launcher_event rodinguilauncherevent16804 C:\Users\Ma\Documents\GitHub\cs4980\final_project.xpr
# Log file: C:/Users/Ma/Documents/GitHub/cs4980/vivado.log
# Journal file: C:/Users/Ma/Documents/GitHub/cs4980\vivado.jou
#-----------------------------------------------------------
start_gui
open_project C:/Users/Ma/Documents/GitHub/cs4980/final_project.xpr
Scanning sources...
Finished scanning sources
INFO: [IP_Flow 19-234] Refreshing IP repositories
INFO: [IP_Flow 19-1704] No user IP repositories specified
INFO: [IP_Flow 19-2313] Loaded Vivado IP repository 'E:/xlinx/Vivado/2017.4/data/ip'.
open_project: Time (s): cpu = 00:00:15 ; elapsed = 00:00:07 . Memory (MB): peak = 772.570 ; gain = 70.316
update_compile_order -fileset sources_1
