
*** Running vivado
    with args -log SoundLoop.vdi -applog -m64 -product Vivado -messageDb vivado.pb -mode batch -source SoundLoop.tcl -notrace


****** Vivado v2017.4.1 (64-bit)
  **** SW Build 2117270 on Tue Jan 30 15:32:00 MST 2018
  **** IP Build 2095745 on Tue Jan 30 17:13:15 MST 2018
    ** Copyright 1986-2017 Xilinx, Inc. All Rights Reserved.

source SoundLoop.tcl -notrace
Command: link_design -top SoundLoop -part xc7z020clg484-1
Design is defaulting to srcset: sources_1
Design is defaulting to constrset: constrs_1
INFO: [Netlist 29-17] Analyzing 4519 Unisim elements for replacement
INFO: [Netlist 29-28] Unisim Transformation completed in 0 CPU seconds
WARNING: [Netlist 29-101] Netlist 'SoundLoop' is not ideal for floorplanning, since the cellview 'SoundLoop' contains a large number of primitives.  Please consider enabling hierarchy in synthesis if you want to do floorplanning.
INFO: [Project 1-479] Netlist was created with Vivado 2017.4.1
INFO: [Device 21-403] Loading part xc7z020clg484-1
INFO: [Project 1-570] Preparing netlist for logic optimization
INFO: [Opt 31-138] Pushed 0 inverter(s) to 0 load pin(s).
INFO: [Project 1-111] Unisim Transformation Summary:
No Unisim elements were transformed.

7 Infos, 1 Warnings, 0 Critical Warnings and 0 Errors encountered.
link_design completed successfully
link_design: Time (s): cpu = 00:00:11 ; elapsed = 00:00:13 . Memory (MB): peak = 601.742 ; gain = 364.977
Command: opt_design
Attempting to get a license for feature 'Implementation' and/or device 'xc7z020'
INFO: [Common 17-349] Got license for feature 'Implementation' and/or device 'xc7z020'
Running DRC as a precondition to command opt_design

Starting DRC Task
INFO: [DRC 23-27] Running DRC with 2 threads
INFO: [Project 1-461] DRC finished with 0 Errors
INFO: [Project 1-462] Please refer to the DRC report (report_drc) for more information.

Time (s): cpu = 00:00:01 ; elapsed = 00:00:01 . Memory (MB): peak = 610.234 ; gain = 8.492
INFO: [Timing 38-35] Done setting XDC timing constraints.

Starting Logic Optimization Task

Phase 1 Retarget
INFO: [Opt 31-138] Pushed 0 inverter(s) to 0 load pin(s).
INFO: [Opt 31-49] Retargeted 0 cell(s).
Phase 1 Retarget | Checksum: 1e5992bbc

Time (s): cpu = 00:00:01 ; elapsed = 00:00:01 . Memory (MB): peak = 1157.516 ; gain = 0.000
INFO: [Opt 31-389] Phase Retarget created 0 cells and removed 0 cells

Phase 2 Constant propagation
INFO: [Opt 31-138] Pushed 0 inverter(s) to 0 load pin(s).
Phase 2 Constant propagation | Checksum: 1b9762b0e

Time (s): cpu = 00:00:01 ; elapsed = 00:00:02 . Memory (MB): peak = 1157.516 ; gain = 0.000
INFO: [Opt 31-389] Phase Constant propagation created 0 cells and removed 0 cells

Phase 3 Sweep
Phase 3 Sweep | Checksum: eef6ab3b

Time (s): cpu = 00:00:02 ; elapsed = 00:00:02 . Memory (MB): peak = 1157.516 ; gain = 0.000
INFO: [Opt 31-389] Phase Sweep created 2 cells and removed 0 cells

Phase 4 BUFG optimization
Phase 4 BUFG optimization | Checksum: eef6ab3b

Time (s): cpu = 00:00:02 ; elapsed = 00:00:03 . Memory (MB): peak = 1157.516 ; gain = 0.000
INFO: [Opt 31-389] Phase BUFG optimization created 0 cells and removed 0 cells

Phase 5 Shift Register Optimization
Phase 5 Shift Register Optimization | Checksum: eef6ab3b

Time (s): cpu = 00:00:02 ; elapsed = 00:00:03 . Memory (MB): peak = 1157.516 ; gain = 0.000
INFO: [Opt 31-389] Phase Shift Register Optimization created 0 cells and removed 0 cells

Starting Connectivity Check Task

Time (s): cpu = 00:00:00 ; elapsed = 00:00:00.024 . Memory (MB): peak = 1157.516 ; gain = 0.000
Ending Logic Optimization Task | Checksum: eef6ab3b

Time (s): cpu = 00:00:02 ; elapsed = 00:00:03 . Memory (MB): peak = 1157.516 ; gain = 0.000

Starting Power Optimization Task
INFO: [Pwropt 34-132] Skipping clock gating for clocks with a period < 2.00 ns.
Ending Power Optimization Task | Checksum: e54edbf0

Time (s): cpu = 00:00:00 ; elapsed = 00:00:00.113 . Memory (MB): peak = 1157.516 ; gain = 0.000
INFO: [Common 17-83] Releasing license: Implementation
22 Infos, 1 Warnings, 0 Critical Warnings and 0 Errors encountered.
opt_design completed successfully
opt_design: Time (s): cpu = 00:00:20 ; elapsed = 00:00:20 . Memory (MB): peak = 1157.516 ; gain = 555.773
INFO: [Common 17-1381] The checkpoint 'C:/Users/Ma/Documents/GitHub/cs4980/final_project.runs/impl_1/SoundLoop_opt.dcp' has been generated.
INFO: [runtcl-4] Executing : report_drc -file SoundLoop_drc_opted.rpt -pb SoundLoop_drc_opted.pb -rpx SoundLoop_drc_opted.rpx
Command: report_drc -file SoundLoop_drc_opted.rpt -pb SoundLoop_drc_opted.pb -rpx SoundLoop_drc_opted.rpx
INFO: [IP_Flow 19-234] Refreshing IP repositories
INFO: [IP_Flow 19-1704] No user IP repositories specified
INFO: [IP_Flow 19-2313] Loaded Vivado IP repository 'E:/xlinx/Vivado/2017.4/data/ip'.
INFO: [DRC 23-27] Running DRC with 2 threads
INFO: [Coretcl 2-168] The results of DRC are in file C:/Users/Ma/Documents/GitHub/cs4980/final_project.runs/impl_1/SoundLoop_drc_opted.rpt.
report_drc completed successfully
report_drc: Time (s): cpu = 00:00:09 ; elapsed = 00:00:08 . Memory (MB): peak = 1157.516 ; gain = 0.000
INFO: [Chipscope 16-241] No debug cores found in the current design.
Before running the implement_debug_core command, either use the Set Up Debug wizard (GUI mode)
or use the create_debug_core and connect_debug_core Tcl commands to insert debug cores into the design.
Command: place_design
Attempting to get a license for feature 'Implementation' and/or device 'xc7z020'
INFO: [Common 17-349] Got license for feature 'Implementation' and/or device 'xc7z020'
INFO: [DRC 23-27] Running DRC with 2 threads
INFO: [Vivado_Tcl 4-198] DRC finished with 0 Errors
INFO: [Vivado_Tcl 4-199] Please refer to the DRC report (report_drc) for more information.
Running DRC as a precondition to command place_design
INFO: [DRC 23-27] Running DRC with 2 threads
INFO: [Vivado_Tcl 4-198] DRC finished with 0 Errors
INFO: [Vivado_Tcl 4-199] Please refer to the DRC report (report_drc) for more information.

Starting Placer Task
INFO: [Place 30-611] Multithreading enabled for place_design using a maximum of 2 CPUs

Phase 1 Placer Initialization

Phase 1.1 Placer Initialization Netlist Sorting
Netlist sorting complete. Time (s): cpu = 00:00:00 ; elapsed = 00:00:00.009 . Memory (MB): peak = 1157.516 ; gain = 0.000
Phase 1.1 Placer Initialization Netlist Sorting | Checksum: 55f14f27

Time (s): cpu = 00:00:00 ; elapsed = 00:00:00.084 . Memory (MB): peak = 1157.516 ; gain = 0.000
INFO: [Timing 38-35] Done setting XDC timing constraints.
INFO: [Opt 31-138] Pushed 0 inverter(s) to 0 load pin(s).
Netlist sorting complete. Time (s): cpu = 00:00:00 ; elapsed = 00:00:00.011 . Memory (MB): peak = 1157.516 ; gain = 0.000

Phase 1.2 IO Placement/ Clock Placement/ Build Placer Device
ERROR: [Place 30-415] IO Placement failed due to overutilization. This design contains 6041 I/O ports
 while the target  device: 7z020 package: clg484, contains only 330 available user I/O. The target device has 330 usable I/O pins of which 0 are already occupied by user-locked I/Os.
 To rectify this issue:
 1. Ensure you are targeting the correct device and package.  Select a larger device or different package if necessary.
 2. Check the top-level ports of the design to ensure the correct number of ports are specified.
 3. Consider design changes to reduce the number of I/Os necessary.
INFO: [Timing 38-35] Done setting XDC timing constraints.
ERROR: [Place 30-68] Instance Areset_IBUF_inst (IBUF) is not placed
ERROR: [Place 30-68] Instance Clock_IBUF_BUFG_inst (BUFG) is not placed
ERROR: [Place 30-68] Instance Clock_IBUF_inst (IBUF) is not placed
ERROR: [Place 30-68] Instance In_IBUF_inst (IBUF) is not placed
ERROR: [Place 30-68] Instance KgrpsNewImag[0][0]_INST_0 (OBUF) is not placed
ERROR: [Place 30-68] Instance KgrpsNewImag[0][10]_INST_0 (OBUF) is not placed
ERROR: [Place 30-68] Instance KgrpsNewImag[0][11]_INST_0 (OBUF) is not placed
ERROR: [Place 30-68] Instance KgrpsNewImag[0][12]_INST_0 (OBUF) is not placed
ERROR: [Place 30-68] Instance KgrpsNewImag[0][13]_INST_0 (OBUF) is not placed
ERROR: [Place 30-68] Instance KgrpsNewImag[0][14]_INST_0 (OBUF) is not placed
ERROR: [Place 30-68] Instance KgrpsNewImag[0][15]_INST_0 (OBUF) is not placed
ERROR: [Place 30-68] Instance KgrpsNewImag[0][16]_INST_0 (OBUF) is not placed
ERROR: [Place 30-68] Instance KgrpsNewImag[0][17]_INST_0 (OBUF) is not placed
ERROR: [Place 30-68] Instance KgrpsNewImag[0][18]_INST_0 (OBUF) is not placed
ERROR: [Place 30-68] Instance KgrpsNewImag[0][19]_INST_0 (OBUF) is not placed
ERROR: [Place 30-68] Instance KgrpsNewImag[0][1]_INST_0 (OBUF) is not placed
ERROR: [Place 30-68] Instance KgrpsNewImag[0][20]_INST_0 (OBUF) is not placed
ERROR: [Place 30-68] Instance KgrpsNewImag[0][21]_INST_0 (OBUF) is not placed
ERROR: [Place 30-68] Instance KgrpsNewImag[0][22]_INST_0 (OBUF) is not placed
ERROR: [Place 30-68] Instance KgrpsNewImag[0][23]_INST_0 (OBUF) is not placed
ERROR: [Place 30-68] Instance KgrpsNewImag[0][24]_INST_0 (OBUF) is not placed
ERROR: [Place 30-68] Instance KgrpsNewImag[0][25]_INST_0 (OBUF) is not placed
ERROR: [Place 30-68] Instance KgrpsNewImag[0][26]_INST_0 (OBUF) is not placed
ERROR: [Place 30-68] Instance KgrpsNewImag[0][27]_INST_0 (OBUF) is not placed
ERROR: [Place 30-68] Instance KgrpsNewImag[0][28]_INST_0 (OBUF) is not placed
ERROR: [Place 30-68] Instance KgrpsNewImag[0][29]_INST_0 (OBUF) is not placed
ERROR: [Place 30-68] Instance KgrpsNewImag[0][2]_INST_0 (OBUF) is not placed
ERROR: [Place 30-68] Instance KgrpsNewImag[0][30]_INST_0 (OBUF) is not placed
ERROR: [Place 30-68] Instance KgrpsNewImag[0][31]_INST_0 (OBUF) is not placed
ERROR: [Place 30-68] Instance KgrpsNewImag[0][32]_INST_0 (OBUF) is not placed
ERROR: [Place 30-68] Instance KgrpsNewImag[0][33]_INST_0 (OBUF) is not placed
ERROR: [Place 30-68] Instance KgrpsNewImag[0][34]_INST_0 (OBUF) is not placed
ERROR: [Place 30-68] Instance KgrpsNewImag[0][35]_INST_0 (OBUF) is not placed
ERROR: [Place 30-68] Instance KgrpsNewImag[0][36]_INST_0 (OBUF) is not placed
ERROR: [Place 30-68] Instance KgrpsNewImag[0][37]_INST_0 (OBUF) is not placed
ERROR: [Place 30-68] Instance KgrpsNewImag[0][38]_INST_0 (OBUF) is not placed
ERROR: [Place 30-68] Instance KgrpsNewImag[0][39]_INST_0 (OBUF) is not placed
ERROR: [Place 30-68] Instance KgrpsNewImag[0][3]_INST_0 (OBUF) is not placed
ERROR: [Place 30-68] Instance KgrpsNewImag[0][40]_INST_0 (OBUF) is not placed
ERROR: [Place 30-68] Instance KgrpsNewImag[0][41]_INST_0 (OBUF) is not placed
ERROR: [Place 30-68] Instance KgrpsNewImag[0][42]_INST_0 (OBUF) is not placed
ERROR: [Place 30-68] Instance KgrpsNewImag[0][43]_INST_0 (OBUF) is not placed
ERROR: [Place 30-68] Instance KgrpsNewImag[0][44]_INST_0 (OBUF) is not placed
ERROR: [Place 30-68] Instance KgrpsNewImag[0][45]_INST_0 (OBUF) is not placed
ERROR: [Place 30-68] Instance KgrpsNewImag[0][46]_INST_0 (OBUF) is not placed
ERROR: [Place 30-68] Instance KgrpsNewImag[0][47]_INST_0 (OBUF) is not placed
ERROR: [Place 30-68] Instance KgrpsNewImag[0][48]_INST_0 (OBUF) is not placed
ERROR: [Place 30-68] Instance KgrpsNewImag[0][49]_INST_0 (OBUF) is not placed
ERROR: [Place 30-68] Instance KgrpsNewImag[0][4]_INST_0 (OBUF) is not placed
ERROR: [Place 30-68] Instance KgrpsNewImag[0][50]_INST_0 (OBUF) is not placed
ERROR: [Place 30-68] Instance KgrpsNewImag[0][51]_INST_0 (OBUF) is not placed
ERROR: [Place 30-68] Instance KgrpsNewImag[0][52]_INST_0 (OBUF) is not placed
ERROR: [Place 30-68] Instance KgrpsNewImag[0][53]_INST_0 (OBUF) is not placed
ERROR: [Place 30-68] Instance KgrpsNewImag[0][54]_INST_0 (OBUF) is not placed
ERROR: [Place 30-68] Instance KgrpsNewImag[0][55]_INST_0 (OBUF) is not placed
ERROR: [Place 30-68] Instance KgrpsNewImag[0][56]_INST_0 (OBUF) is not placed
ERROR: [Place 30-68] Instance KgrpsNewImag[0][57]_INST_0 (OBUF) is not placed
ERROR: [Place 30-68] Instance KgrpsNewImag[0][58]_INST_0 (OBUF) is not placed
ERROR: [Place 30-68] Instance KgrpsNewImag[0][59]_INST_0 (OBUF) is not placed
ERROR: [Place 30-68] Instance KgrpsNewImag[0][5]_INST_0 (OBUF) is not placed
ERROR: [Place 30-68] Instance KgrpsNewImag[0][60]_INST_0 (OBUF) is not placed
ERROR: [Place 30-68] Instance KgrpsNewImag[0][61]_INST_0 (OBUF) is not placed
ERROR: [Place 30-68] Instance KgrpsNewImag[0][62]_INST_0 (OBUF) is not placed
ERROR: [Place 30-68] Instance KgrpsNewImag[0][63]_INST_0 (OBUF) is not placed
ERROR: [Place 30-68] Instance KgrpsNewImag[0][6]_INST_0 (OBUF) is not placed
ERROR: [Place 30-68] Instance KgrpsNewImag[0][7]_INST_0 (OBUF) is not placed
ERROR: [Place 30-68] Instance KgrpsNewImag[0][8]_INST_0 (OBUF) is not placed
ERROR: [Place 30-68] Instance KgrpsNewImag[0][9]_INST_0 (OBUF) is not placed
ERROR: [Place 30-68] Instance KgrpsNewImag[10][0]_INST_0 (OBUF) is not placed
ERROR: [Place 30-68] Instance KgrpsNewImag[10][10]_INST_0 (OBUF) is not placed
ERROR: [Place 30-68] Instance KgrpsNewImag[10][11]_INST_0 (OBUF) is not placed
ERROR: [Place 30-68] Instance KgrpsNewImag[10][12]_INST_0 (OBUF) is not placed
ERROR: [Place 30-68] Instance KgrpsNewImag[10][13]_INST_0 (OBUF) is not placed
ERROR: [Place 30-68] Instance KgrpsNewImag[10][14]_INST_0 (OBUF) is not placed
ERROR: [Place 30-68] Instance KgrpsNewImag[10][15]_INST_0 (OBUF) is not placed
ERROR: [Place 30-68] Instance KgrpsNewImag[10][16]_INST_0 (OBUF) is not placed
ERROR: [Place 30-68] Instance KgrpsNewImag[10][17]_INST_0 (OBUF) is not placed
ERROR: [Place 30-68] Instance KgrpsNewImag[10][18]_INST_0 (OBUF) is not placed
ERROR: [Place 30-68] Instance KgrpsNewImag[10][19]_INST_0 (OBUF) is not placed
ERROR: [Place 30-68] Instance KgrpsNewImag[10][1]_INST_0 (OBUF) is not placed
ERROR: [Place 30-68] Instance KgrpsNewImag[10][20]_INST_0 (OBUF) is not placed
ERROR: [Place 30-68] Instance KgrpsNewImag[10][21]_INST_0 (OBUF) is not placed
ERROR: [Place 30-68] Instance KgrpsNewImag[10][22]_INST_0 (OBUF) is not placed
ERROR: [Place 30-68] Instance KgrpsNewImag[10][23]_INST_0 (OBUF) is not placed
ERROR: [Place 30-68] Instance KgrpsNewImag[10][24]_INST_0 (OBUF) is not placed
ERROR: [Place 30-68] Instance KgrpsNewImag[10][25]_INST_0 (OBUF) is not placed
ERROR: [Place 30-68] Instance KgrpsNewImag[10][26]_INST_0 (OBUF) is not placed
ERROR: [Place 30-68] Instance KgrpsNewImag[10][27]_INST_0 (OBUF) is not placed
ERROR: [Place 30-68] Instance KgrpsNewImag[10][28]_INST_0 (OBUF) is not placed
ERROR: [Place 30-68] Instance KgrpsNewImag[10][29]_INST_0 (OBUF) is not placed
ERROR: [Place 30-68] Instance KgrpsNewImag[10][2]_INST_0 (OBUF) is not placed
ERROR: [Place 30-68] Instance KgrpsNewImag[10][30]_INST_0 (OBUF) is not placed
ERROR: [Place 30-68] Instance KgrpsNewImag[10][31]_INST_0 (OBUF) is not placed
ERROR: [Place 30-68] Instance KgrpsNewImag[10][32]_INST_0 (OBUF) is not placed
ERROR: [Place 30-68] Instance KgrpsNewImag[10][33]_INST_0 (OBUF) is not placed
ERROR: [Place 30-68] Instance KgrpsNewImag[10][34]_INST_0 (OBUF) is not placed
ERROR: [Place 30-68] Instance KgrpsNewImag[10][35]_INST_0 (OBUF) is not placed
ERROR: [Place 30-68] Instance KgrpsNewImag[10][36]_INST_0 (OBUF) is not placed
ERROR: [Place 30-68] Instance KgrpsNewImag[10][37]_INST_0 (OBUF) is not placed
ERROR: [Place 30-68] Instance KgrpsNewImag[10][38]_INST_0 (OBUF) is not placed
INFO: [Common 17-14] Message 'Place 30-68' appears 100 times and further instances of the messages will be disabled. Use the Tcl command set_msg_config to change the current settings.
Phase 1.2 IO Placement/ Clock Placement/ Build Placer Device | Checksum: f4fb0663

Time (s): cpu = 00:00:18 ; elapsed = 00:00:18 . Memory (MB): peak = 1158.262 ; gain = 0.746
Phase 1 Placer Initialization | Checksum: f4fb0663

Time (s): cpu = 00:00:18 ; elapsed = 00:00:18 . Memory (MB): peak = 1158.262 ; gain = 0.746
ERROR: [Place 30-99] Placer failed with error: 'IO Clock Placer failed'
Please review all ERROR, CRITICAL WARNING, and WARNING messages during placement to understand the cause for failure.
Ending Placer Task | Checksum: f4fb0663

Time (s): cpu = 00:00:18 ; elapsed = 00:00:18 . Memory (MB): peak = 1158.262 ; gain = 0.746
INFO: [Common 17-83] Releasing license: Implementation
43 Infos, 1 Warnings, 0 Critical Warnings and 103 Errors encountered.
place_design failed
ERROR: [Common 17-69] Command failed: Placer could not place all instances
INFO: [Common 17-206] Exiting Vivado at Sun May  6 19:11:25 2018...
